CRITICAL - 2025-08-21 03:47:46 --> CodeIgniter\View\Exceptions\ViewException: Invalid file: "lecture_notes.php"
[Method: GET, Route: lecture]
in SYSTEMPATH\Exceptions\FrameworkException.php on line 39.
 1 SYSTEMPATH\View\View.php(214): CodeIgniter\Exceptions\FrameworkException::forInvalidFile('lecture_notes.php')
 2 SYSTEMPATH\Common.php(1167): CodeIgniter\View\View->render('lecture_notes', [], true)
 3 APPPATH\Controllers\Home.php(18): view('lecture_notes', [...])
 4 SYSTEMPATH\CodeIgniter.php(933): App\Controllers\Home->lectureNotes()
 5 SYSTEMPATH\CodeIgniter.php(507): CodeIgniter\CodeIgniter->runController(Object(App\Controllers\Home))
 6 SYSTEMPATH\CodeIgniter.php(354): CodeIgniter\CodeIgniter->handleRequest(null, Object(Config\Cache), false)
 7 SYSTEMPATH\Boot.php(363): CodeIgniter\CodeIgniter->run()
 8 SYSTEMPATH\Boot.php(68): CodeIgniter\Boot::runCodeIgniter(Object(CodeIgniter\CodeIgniter))
 9 FCPATH\index.php(59): CodeIgniter\Boot::bootWeb(Object(Config\Paths))
10 SYSTEMPATH\rewrite.php(44): require_once('C:\\xampp\\htdocs\\myfirstCi4\\public\\index.php')
CRITICAL - 2025-08-21 03:49:18 --> CodeIgniter\View\Exceptions\ViewException: Invalid file: "lecture_notes.php"
[Method: GET, Route: lecture]
in SYSTEMPATH\Exceptions\FrameworkException.php on line 39.
 1 SYSTEMPATH\View\View.php(214): CodeIgniter\Exceptions\FrameworkException::forInvalidFile('lecture_notes.php')
 2 SYSTEMPATH\Common.php(1167): CodeIgniter\View\View->render('lecture_notes', [], true)
 3 APPPATH\Controllers\Home.php(18): view('lecture_notes', [...])
 4 SYSTEMPATH\CodeIgniter.php(933): App\Controllers\Home->lectureNotes()
 5 SYSTEMPATH\CodeIgniter.php(507): CodeIgniter\CodeIgniter->runController(Object(App\Controllers\Home))
 6 SYSTEMPATH\CodeIgniter.php(354): CodeIgniter\CodeIgniter->handleRequest(null, Object(Config\Cache), false)
 7 SYSTEMPATH\Boot.php(363): CodeIgniter\CodeIgniter->run()
 8 SYSTEMPATH\Boot.php(68): CodeIgniter\Boot::runCodeIgniter(Object(CodeIgniter\CodeIgniter))
 9 FCPATH\index.php(59): CodeIgniter\Boot::bootWeb(Object(Config\Paths))
10 SYSTEMPATH\rewrite.php(44): require_once('C:\\xampp\\htdocs\\myfirstCi4\\public\\index.php')
